#
# There is insufficient memory for the Java Runtime Environment to continue.
# Native memory allocation (mmap) failed to map 65536 bytes for Failed to commit metaspace.
# Possible reasons:
#   The system is out of physical RAM or swap space
#   The process is running with CompressedOops enabled, and the Java Heap may be blocking the growth of the native heap
# Possible solutions:
#   Reduce memory load on the system
#   Increase physical memory or swap space
#   Check if swap backing store is full
#   Decrease Java heap size (-Xmx/-Xms)
#   Decrease number of Java threads
#   Decrease Java thread stack sizes (-Xss)
#   Set larger code cache with -XX:ReservedCodeCacheSize=
#   JVM is running with Zero Based Compressed Oops mode in which the Java heap is
#     placed in the first 32GB address space. The Java Heap base address is the
#     maximum limit for the native heap growth. Please use -XX:HeapBaseMinAddress
#     to set the Java Heap base and to place the Java Heap above 32GB virtual address.
# This output file may be truncated or incomplete.
#
#  Out of Memory Error (virtualSpaceNode.cpp:112), pid=31068, tid=44348
#
# JRE version: Java(TM) SE Runtime Environment (21.0.4+8) (build 21.0.4+8-LTS-274)
# Java VM: Java HotSpot(TM) 64-Bit Server VM (21.0.4+8-LTS-274, mixed mode, tiered, compressed oops, compressed class ptrs, g1 gc, windows-amd64)
# No core dump will be written. Minidumps are not enabled by default on client versions of Windows
#

---------------  S U M M A R Y ------------

Command Line: -Dnet.bytebuddy.agent.attacher.dump= net.bytebuddy.agent.Attacher com.sun.tools.attach.VirtualMachine 34304 C:\Users\zf701439\.m2\repository\net\bytebuddy\byte-buddy-agent\1.14.19\byte-buddy-agent-1.14.19.jar false 

Host: 12th Gen Intel(R) Core(TM) i5-1245U, 12 cores, 15G,  Windows 11 , 64 bit Build 22621 (10.0.22621.5415)
Time: Thu Jan 22 16:35:49 2026 Hora verano Sudamérica Pacífico elapsed time: 0.470212 seconds (0d 0h 0m 0s)

---------------  T H R E A D  ---------------

Current thread (0x000001b7aa45ddd0):  JavaThread "main"             [_thread_in_vm, id=44348, stack(0x0000004c23f00000,0x0000004c24000000) (1024K)]

Stack: [0x0000004c23f00000,0x0000004c24000000]
Native frames: (J=compiled Java code, j=interpreted, Vv=VM code, C=native code)
V  [jvm.dll+0x6c8e59]
V  [jvm.dll+0x853181]
V  [jvm.dll+0x8556ae]
V  [jvm.dll+0x855d83]
V  [jvm.dll+0x27d526]
V  [jvm.dll+0x84edae]
V  [jvm.dll+0x66cc05]
V  [jvm.dll+0x66cc6a]
V  [jvm.dll+0x66f485]
V  [jvm.dll+0x66f352]
V  [jvm.dll+0x66d5de]
V  [jvm.dll+0x267a0f]
V  [jvm.dll+0x677955]
V  [jvm.dll+0x214801]
V  [jvm.dll+0x214c8a]
V  [jvm.dll+0x2156b1]
V  [jvm.dll+0x20ab4e]
V  [jvm.dll+0x5ac19c]
V  [jvm.dll+0x21c2ea]
V  [jvm.dll+0x7ccb1c]
V  [jvm.dll+0x7cdb44]
V  [jvm.dll+0x7ce112]
V  [jvm.dll+0x7cdd98]
V  [jvm.dll+0x26b38b]
V  [jvm.dll+0x3d1a3e]
C  0x000001b7bc07a97f

The last pc belongs to new (printed below).
Java frames: (J=compiled Java code, j=interpreted, Vv=VM code)
j  java.nio.IntBuffer.wrap([III)Ljava/nio/IntBuffer;+0 java.base@21.0.4
j  java.nio.IntBuffer.wrap([I)Ljava/nio/IntBuffer;+4 java.base@21.0.4
j  sun.jvmstat.perfdata.monitor.AbstractPerfDataBufferPrologue.majorVersionBuffer()Ljava/nio/IntBuffer;+12 jdk.internal.jvmstat@21.0.4
j  sun.jvmstat.perfdata.monitor.v2_0.PerfDataBuffer.buildPseudoMonitors(Ljava/util/Map;)V+14 jdk.internal.jvmstat@21.0.4
j  sun.jvmstat.perfdata.monitor.v2_0.PerfDataBuffer.buildMonitorMap(Ljava/util/Map;)V+31 jdk.internal.jvmstat@21.0.4
j  sun.jvmstat.perfdata.monitor.PerfDataBufferImpl.findByName(Ljava/lang/String;)Lsun/jvmstat/monitor/Monitor;+23 jdk.internal.jvmstat@21.0.4
j  sun.jvmstat.perfdata.monitor.AbstractPerfDataBuffer.findByName(Ljava/lang/String;)Lsun/jvmstat/monitor/Monitor;+5 jdk.internal.jvmstat@21.0.4
j  sun.jvmstat.perfdata.monitor.AbstractMonitoredVm.findByName(Ljava/lang/String;)Lsun/jvmstat/monitor/Monitor;+5 jdk.internal.jvmstat@21.0.4
j  sun.jvmstat.monitor.MonitoredVmUtil.isAttachable(Lsun/jvmstat/monitor/MonitoredVm;)Z+3 jdk.internal.jvmstat@21.0.4
j  sun.tools.attach.HotSpotAttachProvider.testAttachable(Ljava/lang/String;)V+25 jdk.attach@21.0.4
j  sun.tools.attach.AttachProviderImpl.attachVirtualMachine(Ljava/lang/String;)Lcom/sun/tools/attach/VirtualMachine;+6 jdk.attach@21.0.4
j  com.sun.tools.attach.VirtualMachine.attach(Ljava/lang/String;)Lcom/sun/tools/attach/VirtualMachine;+69 jdk.attach@21.0.4
j  java.lang.invoke.DirectMethodHandle$Holder.invokeStatic(Ljava/lang/Object;Ljava/lang/Object;)Ljava/lang/Object;+10 java.base@21.0.4
j  java.lang.invoke.LambdaForm$MH+0x00000008000c0800.invoke(Ljava/lang/Object;Ljava/lang/Object;Ljava/lang/Object;)Ljava/lang/Object;+33 java.base@21.0.4
j  java.lang.invoke.Invokers$Holder.invokeExact_MT(Ljava/lang/Object;Ljava/lang/Object;Ljava/lang/Object;Ljava/lang/Object;)Ljava/lang/Object;+20 java.base@21.0.4
j  jdk.internal.reflect.DirectMethodHandleAccessor.invokeImpl(Ljava/lang/Object;[Ljava/lang/Object;)Ljava/lang/Object;+55 java.base@21.0.4
j  jdk.internal.reflect.DirectMethodHandleAccessor.invoke(Ljava/lang/Object;[Ljava/lang/Object;)Ljava/lang/Object;+23 java.base@21.0.4
j  java.lang.reflect.Method.invoke(Ljava/lang/Object;[Ljava/lang/Object;)Ljava/lang/Object;+102 java.base@21.0.4
j  net.bytebuddy.agent.Attacher.install(Ljava/lang/Class;Ljava/lang/String;Ljava/lang/String;ZLjava/lang/String;)V+24
j  net.bytebuddy.agent.Attacher.main([Ljava/lang/String;)V+86
v  ~StubRoutines::call_stub 0x000001b7bc06100d
new  187 new  [0x000001b7bc07a800, 0x000001b7bc07aa08]  520 bytes
[MachCode]
  0x000001b7bc07a800: 4883 ec08 | c5fa 1104 | 24eb 1f48 | 83ec 10c5 | fb11 0424 | eb14 4883 | ec10 4889 | 0424 48c7 
  0x000001b7bc07a820: 4424 0800 | 0000 00eb | 0150 410f | b755 010f | cac1 ea10 | 488b 4de8 | 488b 4908 | 488b 4908 
  0x000001b7bc07a840: 488b 4108 | 807c 1004 | 070f 85d3 | 0000 0066 | 8b54 d148 | 488b 4928 | 488b 4cd1 | 0851 80b9 
  0x000001b7bc07a860: 2001 0000 | 050f 85b6 | 0000 008b | 5108 f6c2 | 010f 85aa | 0000 0049 | 8b87 b801 | 0000 488d 
  0x000001b7bc07a880: 1c10 493b | 9fc8 0100 | 000f 8792 | 0000 0049 | 899f b801 | 0000 4883 | ea10 0f84 | 0f00 0000 
  0x000001b7bc07a8a0: 33c9 c1ea | 0348 894c | d008 48ff | ca75 f648 | c700 0100 | 0000 5933 | f689 700c | 49ba 0000 
  0x000001b7bc07a8c0: 0000 0800 | 0000 492b | ca89 4808 | 49ba e1f7 | c8e0 fc7f | 0000 4180 | 3a00 0f84 | 3c00 0000 
  0x000001b7bc07a8e0: 5048 8bc8 | 4883 ec20 | 40f6 c40f | 0f84 1900 | 0000 4883 | ec08 48b8 | 10ed 79e0 | fc7f 0000 
  0x000001b7bc07a900: ffd0 4883 | c408 e90c | 0000 0048 | b810 ed79 | e0fc 7f00 | 00ff d048 | 83c4 2058 | e9cb 0000 
  0x000001b7bc07a920: 0059 488b | 55e8 488b | 5208 488b | 5208 450f | b745 0141 | 0fc8 41c1 | e810 e805 | 0000 00e9 
  0x000001b7bc07a940: a800 0000 | 488d 4424 | 084c 896d | c049 8bcf | c5f8 7749 | 89af a803 | 0000 4989 | 8798 0300 
  0x000001b7bc07a960: 0048 83ec | 2040 f6c4 | 0f0f 8419 | 0000 0048 | 83ec 0848 | b8f0 1944 | e0fc 7f00 | 00ff d048 
  0x000001b7bc07a980: 83c4 08e9 | 0c00 0000 | 48b8 f019 | 44e0 fc7f | 0000 ffd0 | 4883 c420 | 49c7 8798 | 0300 0000 
  0x000001b7bc07a9a0: 0000 0049 | c787 a803 | 0000 0000 | 0000 49c7 | 87a0 0300 | 0000 0000 | 00c5 f877 | 4983 7f08 
  0x000001b7bc07a9c0: 000f 8405 | 0000 00e9 | 3465 feff | 498b 87f0 | 0300 0049 | c787 f003 | 0000 0000 | 0000 4c8b 
  0x000001b7bc07a9e0: 6dc0 4c8b | 75c8 4e8d | 74f5 00c3 | 410f b65d | 0349 83c5 | 0349 ba10 | bccb e0fc | 7f00 0041 
  0x000001b7bc07aa00: ff24 da0f | 1f44 0000 
[/MachCode]

---------------  P R O C E S S  ---------------

Threads class SMR info:
_java_thread_list=0x000001b7cbd9fa60, length=11, elements={
0x000001b7aa45ddd0, 0x000001b7cbbdc6c0, 0x000001b7cbbddbf0, 0x000001b7cbc39170,
0x000001b7cbc0e450, 0x000001b7cbc0eac0, 0x000001b7cbc0fcc0, 0x000001b7cbc11320,
0x000001b7cbc1a480, 0x000001b7cbdcd0b0, 0x000001b7cbdd4720
}

Java Threads: ( => current thread )
=>0x000001b7aa45ddd0 JavaThread "main"                              [_thread_in_vm, id=44348, stack(0x0000004c23f00000,0x0000004c24000000) (1024K)]
  0x000001b7cbbdc6c0 JavaThread "Reference Handler"          daemon [_thread_blocked, id=46244, stack(0x0000004c24700000,0x0000004c24800000) (1024K)]
  0x000001b7cbbddbf0 JavaThread "Finalizer"                  daemon [_thread_blocked, id=46716, stack(0x0000004c24800000,0x0000004c24900000) (1024K)]
  0x000001b7cbc39170 JavaThread "Signal Dispatcher"          daemon [_thread_blocked, id=20852, stack(0x0000004c24900000,0x0000004c24a00000) (1024K)]
  0x000001b7cbc0e450 JavaThread "Attach Listener"            daemon [_thread_blocked, id=4340, stack(0x0000004c24a00000,0x0000004c24b00000) (1024K)]
  0x000001b7cbc0eac0 JavaThread "Service Thread"             daemon [_thread_blocked, id=6300, stack(0x0000004c24b00000,0x0000004c24c00000) (1024K)]
  0x000001b7cbc0fcc0 JavaThread "Monitor Deflation Thread"   daemon [_thread_blocked, id=35852, stack(0x0000004c24c00000,0x0000004c24d00000) (1024K)]
  0x000001b7cbc11320 JavaThread "C2 CompilerThread0"         daemon [_thread_blocked, id=15440, stack(0x0000004c24d00000,0x0000004c24e00000) (1024K)]
  0x000001b7cbc1a480 JavaThread "C1 CompilerThread0"         daemon [_thread_blocked, id=32380, stack(0x0000004c24e00000,0x0000004c24f00000) (1024K)]
  0x000001b7cbdcd0b0 JavaThread "Notification Thread"        daemon [_thread_blocked, id=17312, stack(0x0000004c24f00000,0x0000004c25000000) (1024K)]
  0x000001b7cbdd4720 JavaThread "Common-Cleaner"             daemon [_thread_blocked, id=17280, stack(0x0000004c25000000,0x0000004c25100000) (1024K)]
Total: 11

Other Threads:
  0x000001b7cbb8e190 VMThread "VM Thread"                           [id=27928, stack(0x0000004c24600000,0x0000004c24700000) (1024K)]
  0x000001b7cbb1a220 WatcherThread "VM Periodic Task Thread"        [id=26996, stack(0x0000004c24500000,0x0000004c24600000) (1024K)]
  0x000001b7ac721fe0 WorkerThread "GC Thread#0"                     [id=44076, stack(0x0000004c24000000,0x0000004c24100000) (1024K)]
  0x000001b7ac732ac0 ConcurrentGCThread "G1 Main Marker"            [id=27916, stack(0x0000004c24100000,0x0000004c24200000) (1024K)]
  0x000001b7ac733c60 WorkerThread "G1 Conc#0"                       [id=45524, stack(0x0000004c24200000,0x0000004c24300000) (1024K)]
  0x000001b7ac77e690 ConcurrentGCThread "G1 Refine#0"               [id=9364, stack(0x0000004c24300000,0x0000004c24400000) (1024K)]
  0x000001b7cb9e8320 ConcurrentGCThread "G1 Service"                [id=13260, stack(0x0000004c24400000,0x0000004c24500000) (1024K)]
Total: 7

Threads with active compile tasks:
Total: 0

VM state: not at safepoint (normal execution)

VM Mutex/Monitor currently owned by a thread:  ([mutex/lock_event])
[0x00007ffce0ca5e18] Metaspace_lock - owner thread: 0x000001b7aa45ddd0

Heap address: 0x0000000705a00000, size: 4006 MB, Compressed Oops mode: Zero based, Oop shift amount: 3

CDS archive(s) not mapped
Compressed class space mapped at: 0x0000000800000000-0x0000000840000000, reserved size: 1073741824
Narrow klass base: 0x0000000800000000, Narrow klass shift: 0, Narrow klass range: 0x40000000

GC Precious Log:
 CardTable entry size: 512
 Card Set container configuration: InlinePtr #cards 4 size 8 Array Of Cards #cards 16 size 48 Howl #buckets 8 coarsen threshold 3686 Howl Bitmap #cards 512 size 80 coarsen threshold 460 Card regions per heap region 1 cards per card region 4096
 CPUs: 12 total, 12 available
 Memory: 16016M
 Large Page Support: Disabled
 NUMA Support: Disabled
 Compressed Oops: Enabled (Zero based)
 Heap Region Size: 2M
 Heap Min Capacity: 8M
 Heap Initial Capacity: 252M
 Heap Max Capacity: 4006M
 Pre-touch: Disabled
 Parallel Workers: 10
 Concurrent Workers: 3
 Concurrent Refinement Workers: 10
 Periodic GC: Disabled

Heap:
 garbage-first heap   total 258048K, used 2048K [0x0000000705a00000, 0x0000000800000000)
  region size 2048K, 2 young (4096K), 0 survivors (0K)
 Metaspace       used 7452K, committed 7552K, reserved 1114112K
  class space    used 629K, committed 704K, reserved 1048576K

Heap Regions: E=young(eden), S=young(survivor), O=old, HS=humongous(starts), HC=humongous(continues), CS=collection set, F=free, TAMS=top-at-mark-start, PB=parsable bottom
|   0|0x0000000705a00000, 0x0000000705a00000, 0x0000000705c00000|  0%| F|  |TAMS 0x0000000705a00000| PB 0x0000000705a00000| Untracked 
|   1|0x0000000705c00000, 0x0000000705c00000, 0x0000000705e00000|  0%| F|  |TAMS 0x0000000705c00000| PB 0x0000000705c00000| Untracked 
|   2|0x0000000705e00000, 0x0000000705e00000, 0x0000000706000000|  0%| F|  |TAMS 0x0000000705e00000| PB 0x0000000705e00000| Untracked 
|   3|0x0000000706000000, 0x0000000706000000, 0x0000000706200000|  0%| F|  |TAMS 0x0000000706000000| PB 0x0000000706000000| Untracked 
|   4|0x0000000706200000, 0x0000000706200000, 0x0000000706400000|  0%| F|  |TAMS 0x0000000706200000| PB 0x0000000706200000| Untracked 
|   5|0x0000000706400000, 0x0000000706400000, 0x0000000706600000|  0%| F|  |TAMS 0x0000000706400000| PB 0x0000000706400000| Untracked 
|   6|0x0000000706600000, 0x0000000706600000, 0x0000000706800000|  0%| F|  |TAMS 0x0000000706600000| PB 0x0000000706600000| Untracked 
|   7|0x0000000706800000, 0x0000000706800000, 0x0000000706a00000|  0%| F|  |TAMS 0x0000000706800000| PB 0x0000000706800000| Untracked 
|   8|0x0000000706a00000, 0x0000000706a00000, 0x0000000706c00000|  0%| F|  |TAMS 0x0000000706a00000| PB 0x0000000706a00000| Untracked 
|   9|0x0000000706c00000, 0x0000000706c00000, 0x0000000706e00000|  0%| F|  |TAMS 0x0000000706c00000| PB 0x0000000706c00000| Untracked 
|  10|0x0000000706e00000, 0x0000000706e00000, 0x0000000707000000|  0%| F|  |TAMS 0x0000000706e00000| PB 0x0000000706e00000| Untracked 
|  11|0x0000000707000000, 0x0000000707000000, 0x0000000707200000|  0%| F|  |TAMS 0x0000000707000000| PB 0x0000000707000000| Untracked 
|  12|0x0000000707200000, 0x0000000707200000, 0x0000000707400000|  0%| F|  |TAMS 0x0000000707200000| PB 0x0000000707200000| Untracked 
|  13|0x0000000707400000, 0x0000000707400000, 0x0000000707600000|  0%| F|  |TAMS 0x0000000707400000| PB 0x0000000707400000| Untracked 
|  14|0x0000000707600000, 0x0000000707600000, 0x0000000707800000|  0%| F|  |TAMS 0x0000000707600000| PB 0x0000000707600000| Untracked 
|  15|0x0000000707800000, 0x0000000707800000, 0x0000000707a00000|  0%| F|  |TAMS 0x0000000707800000| PB 0x0000000707800000| Untracked 
|  16|0x0000000707a00000, 0x0000000707a00000, 0x0000000707c00000|  0%| F|  |TAMS 0x0000000707a00000| PB 0x0000000707a00000| Untracked 
|  17|0x0000000707c00000, 0x0000000707c00000, 0x0000000707e00000|  0%| F|  |TAMS 0x0000000707c00000| PB 0x0000000707c00000| Untracked 
|  18|0x0000000707e00000, 0x0000000707e00000, 0x0000000708000000|  0%| F|  |TAMS 0x0000000707e00000| PB 0x0000000707e00000| Untracked 
|  19|0x0000000708000000, 0x0000000708000000, 0x0000000708200000|  0%| F|  |TAMS 0x0000000708000000| PB 0x0000000708000000| Untracked 
|  20|0x0000000708200000, 0x0000000708200000, 0x0000000708400000|  0%| F|  |TAMS 0x0000000708200000| PB 0x0000000708200000| Untracked 
|  21|0x0000000708400000, 0x0000000708400000, 0x0000000708600000|  0%| F|  |TAMS 0x0000000708400000| PB 0x0000000708400000| Untracked 
|  22|0x0000000708600000, 0x0000000708600000, 0x0000000708800000|  0%| F|  |TAMS 0x0000000708600000| PB 0x0000000708600000| Untracked 
|  23|0x0000000708800000, 0x0000000708800000, 0x0000000708a00000|  0%| F|  |TAMS 0x0000000708800000| PB 0x0000000708800000| Untracked 
|  24|0x0000000708a00000, 0x0000000708a00000, 0x0000000708c00000|  0%| F|  |TAMS 0x0000000708a00000| PB 0x0000000708a00000| Untracked 
|  25|0x0000000708c00000, 0x0000000708c00000, 0x0000000708e00000|  0%| F|  |TAMS 0x0000000708c00000| PB 0x0000000708c00000| Untracked 
|  26|0x0000000708e00000, 0x0000000708e00000, 0x0000000709000000|  0%| F|  |TAMS 0x0000000708e00000| PB 0x0000000708e00000| Untracked 
|  27|0x0000000709000000, 0x0000000709000000, 0x0000000709200000|  0%| F|  |TAMS 0x0000000709000000| PB 0x0000000709000000| Untracked 
|  28|0x0000000709200000, 0x0000000709200000, 0x0000000709400000|  0%| F|  |TAMS 0x0000000709200000| PB 0x0000000709200000| Untracked 
|  29|0x0000000709400000, 0x0000000709400000, 0x0000000709600000|  0%| F|  |TAMS 0x0000000709400000| PB 0x0000000709400000| Untracked 
|  30|0x0000000709600000, 0x0000000709600000, 0x0000000709800000|  0%| F|  |TAMS 0x0000000709600000| PB 0x0000000709600000| Untracked 
|  31|0x0000000709800000, 0x0000000709800000, 0x0000000709a00000|  0%| F|  |TAMS 0x0000000709800000| PB 0x0000000709800000| Untracked 
|  32|0x0000000709a00000, 0x0000000709a00000, 0x0000000709c00000|  0%| F|  |TAMS 0x0000000709a00000| PB 0x0000000709a00000| Untracked 
|  33|0x0000000709c00000, 0x0000000709c00000, 0x0000000709e00000|  0%| F|  |TAMS 0x0000000709c00000| PB 0x0000000709c00000| Untracked 
|  34|0x0000000709e00000, 0x0000000709e00000, 0x000000070a000000|  0%| F|  |TAMS 0x0000000709e00000| PB 0x0000000709e00000| Untracked 
|  35|0x000000070a000000, 0x000000070a000000, 0x000000070a200000|  0%| F|  |TAMS 0x000000070a000000| PB 0x000000070a000000| Untracked 
|  36|0x000000070a200000, 0x000000070a200000, 0x000000070a400000|  0%| F|  |TAMS 0x000000070a200000| PB 0x000000070a200000| Untracked 
|  37|0x000000070a400000, 0x000000070a400000, 0x000000070a600000|  0%| F|  |TAMS 0x000000070a400000| PB 0x000000070a400000| Untracked 
|  38|0x000000070a600000, 0x000000070a600000, 0x000000070a800000|  0%| F|  |TAMS 0x000000070a600000| PB 0x000000070a600000| Untracked 
|  39|0x000000070a800000, 0x000000070a800000, 0x000000070aa00000|  0%| F|  |TAMS 0x000000070a800000| PB 0x000000070a800000| Untracked 
|  40|0x000000070aa00000, 0x000000070aa00000, 0x000000070ac00000|  0%| F|  |TAMS 0x000000070aa00000| PB 0x000000070aa00000| Untracked 
|  41|0x000000070ac00000, 0x000000070ac00000, 0x000000070ae00000|  0%| F|  |TAMS 0x000000070ac00000| PB 0x000000070ac00000| Untracked 
|  42|0x000000070ae00000, 0x000000070ae00000, 0x000000070b000000|  0%| F|  |TAMS 0x000000070ae00000| PB 0x000000070ae00000| Untracked 
|  43|0x000000070b000000, 0x000000070b000000, 0x000000070b200000|  0%| F|  |TAMS 0x000000070b000000| PB 0x000000070b000000| Untracked 
|  44|0x000000070b200000, 0x000000070b200000, 0x000000070b400000|  0%| F|  |TAMS 0x000000070b200000| PB 0x000000070b200000| Untracked 
|  45|0x000000070b400000, 0x000000070b400000, 0x000000070b600000|  0%| F|  |TAMS 0x000000070b400000| PB 0x000000070b400000| Untracked 
|  46|0x000000070b600000, 0x000000070b600000, 0x000000070b800000|  0%| F|  |TAMS 0x000000070b600000| PB 0x000000070b600000| Untracked 
|  47|0x000000070b800000, 0x000000070b800000, 0x000000070ba00000|  0%| F|  |TAMS 0x000000070b800000| PB 0x000000070b800000| Untracked 
|  48|0x000000070ba00000, 0x000000070ba00000, 0x000000070bc00000|  0%| F|  |TAMS 0x000000070ba00000| PB 0x000000070ba00000| Untracked 
|  49|0x000000070bc00000, 0x000000070bc00000, 0x000000070be00000|  0%| F|  |TAMS 0x000000070bc00000| PB 0x000000070bc00000| Untracked 
|  50|0x000000070be00000, 0x000000070be00000, 0x000000070c000000|  0%| F|  |TAMS 0x000000070be00000| PB 0x000000070be00000| Untracked 
|  51|0x000000070c000000, 0x000000070c000000, 0x000000070c200000|  0%| F|  |TAMS 0x000000070c000000| PB 0x000000070c000000| Untracked 
|  52|0x000000070c200000, 0x000000070c200000, 0x000000070c400000|  0%| F|  |TAMS 0x000000070c200000| PB 0x000000070c200000| Untracked 
|  53|0x000000070c400000, 0x000000070c400000, 0x000000070c600000|  0%| F|  |TAMS 0x000000070c400000| PB 0x000000070c400000| Untracked 
|  54|0x000000070c600000, 0x000000070c600000, 0x000000070c800000|  0%| F|  |TAMS 0x000000070c600000| PB 0x000000070c600000| Untracked 
|  55|0x000000070c800000, 0x000000070c800000, 0x000000070ca00000|  0%| F|  |TAMS 0x000000070c800000| PB 0x000000070c800000| Untracked 
|  56|0x000000070ca00000, 0x000000070ca00000, 0x000000070cc00000|  0%| F|  |TAMS 0x000000070ca00000| PB 0x000000070ca00000| Untracked 
|  57|0x000000070cc00000, 0x000000070cc00000, 0x000000070ce00000|  0%| F|  |TAMS 0x000000070cc00000| PB 0x000000070cc00000| Untracked 
|  58|0x000000070ce00000, 0x000000070ce00000, 0x000000070d000000|  0%| F|  |TAMS 0x000000070ce00000| PB 0x000000070ce00000| Untracked 
|  59|0x000000070d000000, 0x000000070d000000, 0x000000070d200000|  0%| F|  |TAMS 0x000000070d000000| PB 0x000000070d000000| Untracked 
|  60|0x000000070d200000, 0x000000070d200000, 0x000000070d400000|  0%| F|  |TAMS 0x000000070d200000| PB 0x000000070d200000| Untracked 
|  61|0x000000070d400000, 0x000000070d400000, 0x000000070d600000|  0%| F|  |TAMS 0x000000070d400000| PB 0x000000070d400000| Untracked 
|  62|0x000000070d600000, 0x000000070d600000, 0x000000070d800000|  0%| F|  |TAMS 0x000000070d600000| PB 0x000000070d600000| Untracked 
|  63|0x000000070d800000, 0x000000070d800000, 0x000000070da00000|  0%| F|  |TAMS 0x000000070d800000| PB 0x000000070d800000| Untracked 
|  64|0x000000070da00000, 0x000000070da00000, 0x000000070dc00000|  0%| F|  |TAMS 0x000000070da00000| PB 0x000000070da00000| Untracked 
|  65|0x000000070dc00000, 0x000000070dc00000, 0x000000070de00000|  0%| F|  |TAMS 0x000000070dc00000| PB 0x000000070dc00000| Untracked 
|  66|0x000000070de00000, 0x000000070de00000, 0x000000070e000000|  0%| F|  |TAMS 0x000000070de00000| PB 0x000000070de00000| Untracked 
|  67|0x000000070e000000, 0x000000070e000000, 0x000000070e200000|  0%| F|  |TAMS 0x000000070e000000| PB 0x000000070e000000| Untracked 
|  68|0x000000070e200000, 0x000000070e200000, 0x000000070e400000|  0%| F|  |TAMS 0x000000070e200000| PB 0x000000070e200000| Untracked 
|  69|0x000000070e400000, 0x000000070e400000, 0x000000070e600000|  0%| F|  |TAMS 0x000000070e400000| PB 0x000000070e400000| Untracked 
|  70|0x000000070e600000, 0x000000070e600000, 0x000000070e800000|  0%| F|  |TAMS 0x000000070e600000| PB 0x000000070e600000| Untracked 
|  71|0x000000070e800000, 0x000000070e800000, 0x000000070ea00000|  0%| F|  |TAMS 0x000000070e800000| PB 0x000000070e800000| Untracked 
|  72|0x000000070ea00000, 0x000000070ea00000, 0x000000070ec00000|  0%| F|  |TAMS 0x000000070ea00000| PB 0x000000070ea00000| Untracked 
|  73|0x000000070ec00000, 0x000000070ec00000, 0x000000070ee00000|  0%| F|  |TAMS 0x000000070ec00000| PB 0x000000070ec00000| Untracked 
|  74|0x000000070ee00000, 0x000000070ee00000, 0x000000070f000000|  0%| F|  |TAMS 0x000000070ee00000| PB 0x000000070ee00000| Untracked 
|  75|0x000000070f000000, 0x000000070f000000, 0x000000070f200000|  0%| F|  |TAMS 0x000000070f000000| PB 0x000000070f000000| Untracked 
|  76|0x000000070f200000, 0x000000070f200000, 0x000000070f400000|  0%| F|  |TAMS 0x000000070f200000| PB 0x000000070f200000| Untracked 
|  77|0x000000070f400000, 0x000000070f400000, 0x000000070f600000|  0%| F|  |TAMS 0x000000070f400000| PB 0x000000070f400000| Untracked 
|  78|0x000000070f600000, 0x000000070f600000, 0x000000070f800000|  0%| F|  |TAMS 0x000000070f600000| PB 0x000000070f600000| Untracked 
|  79|0x000000070f800000, 0x000000070f800000, 0x000000070fa00000|  0%| F|  |TAMS 0x000000070f800000| PB 0x000000070f800000| Untracked 
|  80|0x000000070fa00000, 0x000000070fa00000, 0x000000070fc00000|  0%| F|  |TAMS 0x000000070fa00000| PB 0x000000070fa00000| Untracked 
|  81|0x000000070fc00000, 0x000000070fc00000, 0x000000070fe00000|  0%| F|  |TAMS 0x000000070fc00000| PB 0x000000070fc00000| Untracked 
|  82|0x000000070fe00000, 0x000000070fe00000, 0x0000000710000000|  0%| F|  |TAMS 0x000000070fe00000| PB 0x000000070fe00000| Untracked 
|  83|0x0000000710000000, 0x0000000710000000, 0x0000000710200000|  0%| F|  |TAMS 0x0000000710000000| PB 0x0000000710000000| Untracked 
|  84|0x0000000710200000, 0x0000000710200000, 0x0000000710400000|  0%| F|  |TAMS 0x0000000710200000| PB 0x0000000710200000| Untracked 
|  85|0x0000000710400000, 0x0000000710400000, 0x0000000710600000|  0%| F|  |TAMS 0x0000000710400000| PB 0x0000000710400000| Untracked 
|  86|0x0000000710600000, 0x0000000710600000, 0x0000000710800000|  0%| F|  |TAMS 0x0000000710600000| PB 0x0000000710600000| Untracked 
|  87|0x0000000710800000, 0x0000000710800000, 0x0000000710a00000|  0%| F|  |TAMS 0x0000000710800000| PB 0x0000000710800000| Untracked 
|  88|0x0000000710a00000, 0x0000000710a00000, 0x0000000710c00000|  0%| F|  |TAMS 0x0000000710a00000| PB 0x0000000710a00000| Untracked 
|  89|0x0000000710c00000, 0x0000000710c00000, 0x0000000710e00000|  0%| F|  |TAMS 0x0000000710c00000| PB 0x0000000710c00000| Untracked 
|  90|0x0000000710e00000, 0x0000000710e00000, 0x0000000711000000|  0%| F|  |TAMS 0x0000000710e00000| PB 0x0000000710e00000| Untracked 
|  91|0x0000000711000000, 0x0000000711000000, 0x0000000711200000|  0%| F|  |TAMS 0x0000000711000000| PB 0x0000000711000000| Untracked 
|  92|0x0000000711200000, 0x0000000711200000, 0x0000000711400000|  0%| F|  |TAMS 0x0000000711200000| PB 0x0000000711200000| Untracked 
|  93|0x0000000711400000, 0x0000000711400000, 0x0000000711600000|  0%| F|  |TAMS 0x0000000711400000| PB 0x0000000711400000| Untracked 
|  94|0x0000000711600000, 0x0000000711600000, 0x0000000711800000|  0%| F|  |TAMS 0x0000000711600000| PB 0x0000000711600000| Untracked 
|  95|0x0000000711800000, 0x0000000711800000, 0x0000000711a00000|  0%| F|  |TAMS 0x0000000711800000| PB 0x0000000711800000| Untracked 
|  96|0x0000000711a00000, 0x0000000711a00000, 0x0000000711c00000|  0%| F|  |TAMS 0x0000000711a00000| PB 0x0000000711a00000| Untracked 
|  97|0x0000000711c00000, 0x0000000711c00000, 0x0000000711e00000|  0%| F|  |TAMS 0x0000000711c00000| PB 0x0000000711c00000| Untracked 
|  98|0x0000000711e00000, 0x0000000711e00000, 0x0000000712000000|  0%| F|  |TAMS 0x0000000711e00000| PB 0x0000000711e00000| Untracked 
|  99|0x0000000712000000, 0x0000000712000000, 0x0000000712200000|  0%| F|  |TAMS 0x0000000712000000| PB 0x0000000712000000| Untracked 
| 100|0x0000000712200000, 0x0000000712200000, 0x0000000712400000|  0%| F|  |TAMS 0x0000000712200000| PB 0x0000000712200000| Untracked 
| 101|0x0000000712400000, 0x0000000712400000, 0x0000000712600000|  0%| F|  |TAMS 0x0000000712400000| PB 0x0000000712400000| Untracked 
| 102|0x0000000712600000, 0x0000000712600000, 0x0000000712800000|  0%| F|  |TAMS 0x0000000712600000| PB 0x0000000712600000| Untracked 
| 103|0x0000000712800000, 0x0000000712800000, 0x0000000712a00000|  0%| F|  |TAMS 0x0000000712800000| PB 0x0000000712800000| Untracked 
| 104|0x0000000712a00000, 0x0000000712a00000, 0x0000000712c00000|  0%| F|  |TAMS 0x0000000712a00000| PB 0x0000000712a00000| Untracked 
| 105|0x0000000712c00000, 0x0000000712c00000, 0x0000000712e00000|  0%| F|  |TAMS 0x0000000712c00000| PB 0x0000000712c00000| Untracked 
| 106|0x0000000712e00000, 0x0000000712e00000, 0x0000000713000000|  0%| F|  |TAMS 0x0000000712e00000| PB 0x0000000712e00000| Untracked 
| 107|0x0000000713000000, 0x0000000713000000, 0x0000000713200000|  0%| F|  |TAMS 0x0000000713000000| PB 0x0000000713000000| Untracked 
| 108|0x0000000713200000, 0x0000000713200000, 0x0000000713400000|  0%| F|  |TAMS 0x0000000713200000| PB 0x0000000713200000| Untracked 
| 109|0x0000000713400000, 0x0000000713400000, 0x0000000713600000|  0%| F|  |TAMS 0x0000000713400000| PB 0x0000000713400000| Untracked 
| 110|0x0000000713600000, 0x0000000713600000, 0x0000000713800000|  0%| F|  |TAMS 0x0000000713600000| PB 0x0000000713600000| Untracked 
| 111|0x0000000713800000, 0x0000000713800000, 0x0000000713a00000|  0%| F|  |TAMS 0x0000000713800000| PB 0x0000000713800000| Untracked 
| 112|0x0000000713a00000, 0x0000000713a00000, 0x0000000713c00000|  0%| F|  |TAMS 0x0000000713a00000| PB 0x0000000713a00000| Untracked 
| 113|0x0000000713c00000, 0x0000000713c00000, 0x0000000713e00000|  0%| F|  |TAMS 0x0000000713c00000| PB 0x0000000713c00000| Untracked 
| 114|0x0000000713e00000, 0x0000000713e00000, 0x0000000714000000|  0%| F|  |TAMS 0x0000000713e00000| PB 0x0000000713e00000| Untracked 
| 115|0x0000000714000000, 0x0000000714000000, 0x0000000714200000|  0%| F|  |TAMS 0x0000000714000000| PB 0x0000000714000000| Untracked 
| 116|0x0000000714200000, 0x0000000714200000, 0x0000000714400000|  0%| F|  |TAMS 0x0000000714200000| PB 0x0000000714200000| Untracked 
| 117|0x0000000714400000, 0x0000000714400000, 0x0000000714600000|  0%| F|  |TAMS 0x0000000714400000| PB 0x0000000714400000| Untracked 
| 118|0x0000000714600000, 0x0000000714600000, 0x0000000714800000|  0%| F|  |TAMS 0x0000000714600000| PB 0x0000000714600000| Untracked 
| 119|0x0000000714800000, 0x0000000714800000, 0x0000000714a00000|  0%| F|  |TAMS 0x0000000714800000| PB 0x0000000714800000| Untracked 
| 120|0x0000000714a00000, 0x0000000714a00000, 0x0000000714c00000|  0%| F|  |TAMS 0x0000000714a00000| PB 0x0000000714a00000| Untracked 
| 121|0x0000000714c00000, 0x0000000714c00000, 0x0000000714e00000|  0%| F|  |TAMS 0x0000000714c00000| PB 0x0000000714c00000| Untracked 
| 122|0x0000000714e00000, 0x0000000714e00000, 0x0000000715000000|  0%| F|  |TAMS 0x0000000714e00000| PB 0x0000000714e00000| Untracked 
| 123|0x0000000715000000, 0x0000000715000000, 0x0000000715200000|  0%| F|  |TAMS 0x0000000715000000| PB 0x0000000715000000| Untracked 
| 124|0x0000000715200000, 0x0000000715352770, 0x0000000715400000| 66%| E|  |TAMS 0x0000000715200000| PB 0x0000000715200000| Complete 
| 125|0x0000000715400000, 0x0000000715600000, 0x0000000715600000|100%| E|CS|TAMS 0x0000000715400000| PB 0x0000000715400000| Complete 

Card table byte_map: [0x000001b7c4870000,0x000001b7c5050000] _byte_map_base: 0x000001b7c1043000

Marking Bits: (CMBitMap*) 0x000001b7ac7225e0
 Bits: [0x000001b7c5050000, 0x000001b7c8ee8000)

Polling page: 0x000001b7aa670000

Metaspace:

Usage:
  Non-class:      6.66 MB used.
      Class:    629.48 KB used.
       Both:      7.28 MB used.

Virtual space:
  Non-class space:       64.00 MB reserved,       6.69 MB ( 10%) committed,  1 nodes.
      Class space:        1.00 GB reserved,     704.00 KB ( <1%) committed,  1 nodes.
             Both:        1.06 GB reserved,       7.38 MB ( <1%) committed. 

Chunk freelists:
   Non-Class:  8.81 MB
       Class:  15.20 MB
        Both:  24.02 MB

MaxMetaspaceSize: unlimited
CompressedClassSpaceSize: 1.00 GB
Initial GC threshold: 21.00 MB
Current GC threshold: 21.00 MB
CDS: off
 - commit_granule_bytes: 65536.
 - commit_granule_words: 8192.
 - virtual_space_node_default_size: 8388608.
 - enlarge_chunks_in_place: 1.
 - use_allocation_guard: 0.


Internal statistics:

num_allocs_failed_limit: 0.
num_arena_births: 54.
num_arena_deaths: 0.
num_vsnodes_births: 2.
num_vsnodes_deaths: 0.
num_space_committed: 118.
num_space_uncommitted: 0.
num_chunks_returned_to_freelist: 0.
num_chunks_taken_from_freelist: 87.
num_chunk_merges: 0.
num_chunk_splits: 48.
num_chunks_enlarged: 27.
num_inconsistent_stats: 0.

CodeHeap 'non-profiled nmethods': size=120000Kb used=82Kb max_used=82Kb free=119917Kb
 bounds [0x000001b7bc600000, 0x000001b7bc870000, 0x000001b7c3b30000]
CodeHeap 'profiled nmethods': size=120000Kb used=304Kb max_used=304Kb free=119695Kb
 bounds [0x000001b7b4b30000, 0x000001b7b4da0000, 0x000001b7bc060000]
CodeHeap 'non-nmethods': size=5760Kb used=1285Kb max_used=1299Kb free=4474Kb
 bounds [0x000001b7bc060000, 0x000001b7bc2d0000, 0x000001b7bc600000]
 total_blobs=647 nmethods=245 adapters=307
 compilation: enabled
              stopped_count=0, restarted_count=0
 full_count=0

Compilation events (20 events):
Event: 0.459 Thread 0x000001b7cbc1a480 nmethod 227 0x000001b7b4b6fa10 code [0x000001b7b4b6fcc0, 0x000001b7b4b70af8]
Event: 0.459 Thread 0x000001b7cbc1a480  228       3       java.lang.invoke.MethodType$ConcurrentWeakInternSet::get (47 bytes)
Event: 0.459 Thread 0x000001b7cbc11320 nmethod 231 0x000001b7bc612a90 code [0x000001b7bc612c20, 0x000001b7bc612d28]
Event: 0.459 Thread 0x000001b7cbc1a480 nmethod 228 0x000001b7b4b70f90 code [0x000001b7b4b711a0, 0x000001b7b4b71998]
Event: 0.459 Thread 0x000001b7cbc1a480  230       3       jdk.internal.org.objectweb.asm.Frame::execute (2305 bytes)
Event: 0.464 Thread 0x000001b7cbc11320  244       4       java.lang.String::length (11 bytes)
Event: 0.465 Thread 0x000001b7cbc1a480 nmethod 230 0x000001b7b4b71c10 code [0x000001b7b4b72a40, 0x000001b7b4b79268]
Event: 0.466 Thread 0x000001b7cbc1a480  235       3       java.lang.StringBuilder::length (5 bytes)
Event: 0.466 Thread 0x000001b7cbc1a480 nmethod 235 0x000001b7b4b7af10 code [0x000001b7b4b7b0a0, 0x000001b7b4b7b1c0]
Event: 0.466 Thread 0x000001b7cbc1a480  236       3       java.lang.StringBuilder::toString (9 bytes)
Event: 0.466 Thread 0x000001b7cbc11320 nmethod 244 0x000001b7bc614010 code [0x000001b7bc614180, 0x000001b7bc614230]
Event: 0.466 Thread 0x000001b7cbc1a480 nmethod 236 0x000001b7b4b7b290 code [0x000001b7b4b7b440, 0x000001b7b4b7b650]
Event: 0.466 Thread 0x000001b7cbc1a480  226       3       java.lang.invoke.MethodType::methodType (69 bytes)
Event: 0.467 Thread 0x000001b7cbc1a480 nmethod 226 0x000001b7b4b7b790 code [0x000001b7b4b7b9a0, 0x000001b7b4b7be78]
Event: 0.467 Thread 0x000001b7cbc1a480  237       3       java.lang.String::<init> (7 bytes)
Event: 0.467 Thread 0x000001b7cbc1a480 nmethod 237 0x000001b7b4b7c010 code [0x000001b7b4b7c1c0, 0x000001b7b4b7c308]
Event: 0.467 Thread 0x000001b7cbc1a480  234       1       java.lang.invoke.LambdaForm$Name::type (5 bytes)
Event: 0.467 Thread 0x000001b7cbc1a480 nmethod 234 0x000001b7bc614310 code [0x000001b7bc6144a0, 0x000001b7bc614570]
Event: 0.467 Thread 0x000001b7cbc1a480  245       1       java.security.CodeSource::getLocationNoFragString (5 bytes)
Event: 0.467 Thread 0x000001b7cbc1a480 nmethod 245 0x000001b7bc614610 code [0x000001b7bc6147a0, 0x000001b7bc614870]

GC Heap History (0 events):
No events

Dll operation events (8 events):
Event: 0.011 Loaded shared library C:\Program Files\Java\jdk-21\bin\java.dll
Event: 0.165 Loaded shared library C:\Program Files\Java\jdk-21\bin\jsvml.dll
Event: 0.272 Loaded shared library C:\Program Files\Java\jdk-21\bin\net.dll
Event: 0.275 Loaded shared library C:\Program Files\Java\jdk-21\bin\nio.dll
Event: 0.308 Loaded shared library C:\Program Files\Java\jdk-21\bin\zip.dll
Event: 0.321 Loaded shared library C:\Program Files\Java\jdk-21\bin\verify.dll
Event: 0.329 Loaded shared library C:\Program Files\Java\jdk-21\bin\jimage.dll
Event: 0.399 Loaded shared library C:\Program Files\Java\jdk-21\bin\attach.dll

Deoptimization events (0 events):
No events

Classes loaded (20 events):
Event: 0.451 Loading class java/lang/invoke/BoundMethodHandle$Species_LLJ done
Event: 0.452 Loading class java/lang/invoke/BoundMethodHandle$Species_LLLL
Event: 0.452 Loading class java/lang/invoke/BoundMethodHandle$Species_LLLL done
Event: 0.456 Loading class java/net/MalformedURLException
Event: 0.456 Loading class java/net/MalformedURLException done
Event: 0.457 Loading class java/lang/InterruptedException
Event: 0.457 Loading class java/lang/InterruptedException done
Event: 0.458 Loading class java/lang/NoSuchMethodError
Event: 0.458 Loading class java/lang/IncompatibleClassChangeError
Event: 0.458 Loading class java/lang/IncompatibleClassChangeError done
Event: 0.458 Loading class java/lang/NoSuchMethodError done
Event: 0.458 Loading class sun/invoke/util/ValueConversions$WrapperCache
Event: 0.458 Loading class sun/invoke/util/ValueConversions$WrapperCache done
Event: 0.458 Loading class sun/invoke/util/ValueConversions$1
Event: 0.458 Loading class sun/invoke/util/ValueConversions$1 done
Event: 0.459 Loading class java/lang/invoke/BoundMethodHandle$Species_LI
Event: 0.459 Loading class java/lang/invoke/BoundMethodHandle$Species_LI done
Event: 0.460 Loading class java/lang/invoke/ClassSpecializer$Factory$1Var
Event: 0.460 Loading class java/lang/invoke/ClassSpecializer$Factory$1Var done
Event: 0.467 Loading class java/nio/HeapIntBuffer

Classes unloaded (0 events):
No events

Classes redefined (0 events):
No events

Internal exceptions (4 events):
Event: 0.458 Thread 0x000001b7aa45ddd0 Exception <a 'java/lang/NoSuchMethodError'{0x00000007152f7d68}: 'java.lang.Object java.lang.invoke.DirectMethodHandle$Holder.newInvokeSpecial(java.lang.Object, java.lang.Object, int)'> (0x00000007152f7d68) 
thrown [s\open\src\hotspot\share\interpreter\linkResolver.cpp, line 773]
Event: 0.459 Thread 0x000001b7aa45ddd0 Exception <a 'java/lang/NoSuchMethodError'{0x00000007152fc758}: 'int java.lang.invoke.DirectMethodHandle$Holder.invokeSpecial(java.lang.Object, java.lang.Object, java.lang.Object, int)'> (0x00000007152fc758) 
thrown [s\open\src\hotspot\share\interpreter\linkResolver.cpp, line 773]
Event: 0.462 Thread 0x000001b7aa45ddd0 Exception <a 'java/lang/NoSuchMethodError'{0x000000071530edd0}: 'java.lang.Object java.lang.invoke.DirectMethodHandle$Holder.invokeStatic(java.lang.Object, java.lang.Object, java.lang.Object, java.lang.Object, int)'> (0x000000071530edd0) 
thrown [s\open\src\hotspot\share\interpreter\linkResolver.cpp, line 773]
Event: 0.463 Thread 0x000001b7aa45ddd0 Exception <a 'java/lang/NoSuchMethodError'{0x0000000715317640}: 'int java.lang.invoke.DirectMethodHandle$Holder.invokeSpecial(java.lang.Object, java.lang.Object, java.lang.Object)'> (0x0000000715317640) 
thrown [s\open\src\hotspot\share\interpreter\linkResolver.cpp, line 773]

ZGC Phase Switch (0 events):
No events

VM Operations (2 events):
Event: 0.310 Executing VM operation: HandshakeAllThreads (Deoptimize)
Event: 0.310 Executing VM operation: HandshakeAllThreads (Deoptimize) done

Events (11 events):
Event: 0.041 Thread 0x000001b7aa45ddd0 Thread added: 0x000001b7aa45ddd0
Event: 0.153 Thread 0x000001b7cbbdc6c0 Thread added: 0x000001b7cbbdc6c0
Event: 0.154 Thread 0x000001b7cbbddbf0 Thread added: 0x000001b7cbbddbf0
Event: 0.161 Thread 0x000001b7cbc39170 Thread added: 0x000001b7cbc39170
Event: 0.161 Thread 0x000001b7cbc0e450 Thread added: 0x000001b7cbc0e450
Event: 0.161 Thread 0x000001b7cbc0eac0 Thread added: 0x000001b7cbc0eac0
Event: 0.161 Thread 0x000001b7cbc0fcc0 Thread added: 0x000001b7cbc0fcc0
Event: 0.161 Thread 0x000001b7cbc11320 Thread added: 0x000001b7cbc11320
Event: 0.162 Thread 0x000001b7cbc1a480 Thread added: 0x000001b7cbc1a480
Event: 0.237 Thread 0x000001b7cbdcd0b0 Thread added: 0x000001b7cbdcd0b0
Event: 0.252 Thread 0x000001b7cbdd4720 Thread added: 0x000001b7cbdd4720


Dynamic libraries:
0x00007ff787f80000 - 0x00007ff787f90000 	C:\Program Files\Java\jdk-21\bin\java.exe
0x00007ffd821f0000 - 0x00007ffd82408000 	C:\windows\SYSTEM32\ntdll.dll
0x00007ffd80700000 - 0x00007ffd807c4000 	C:\windows\System32\KERNEL32.DLL
0x00007ffd7f790000 - 0x00007ffd7fb63000 	C:\windows\System32\KERNELBASE.dll
0x00007ffd7f2f0000 - 0x00007ffd7f401000 	C:\windows\System32\ucrtbase.dll
0x00007ffd78670000 - 0x00007ffd78689000 	C:\Program Files\Java\jdk-21\bin\jli.dll
0x00007ffd78650000 - 0x00007ffd7866b000 	C:\Program Files\Java\jdk-21\bin\VCRUNTIME140.dll
0x00007ffd820f0000 - 0x00007ffd821a1000 	C:\windows\System32\ADVAPI32.dll
0x00007ffd80b80000 - 0x00007ffd80c27000 	C:\windows\System32\msvcrt.dll
0x00007ffd807d0000 - 0x00007ffd80878000 	C:\windows\System32\sechost.dll
0x00007ffd7fca0000 - 0x00007ffd7fcc8000 	C:\windows\System32\bcrypt.dll
0x00007ffd81f10000 - 0x00007ffd82028000 	C:\windows\System32\RPCRT4.dll
0x00007ffd815f0000 - 0x00007ffd817a2000 	C:\windows\System32\USER32.dll
0x00007ffd7f6a0000 - 0x00007ffd7f6c6000 	C:\windows\System32\win32u.dll
0x00007ffd800b0000 - 0x00007ffd800d9000 	C:\windows\System32\GDI32.dll
0x00007ffd7fb70000 - 0x00007ffd7fc93000 	C:\windows\System32\gdi32full.dll
0x00007ffd7f490000 - 0x00007ffd7f52a000 	C:\windows\System32\msvcp_win.dll
0x00007ffd6fd50000 - 0x00007ffd6ffec000 	C:\windows\WinSxS\amd64_microsoft.windows.common-controls_6595b64144ccf1df_6.0.22621.6060_none_2712eda17382d24b\COMCTL32.dll
0x00007ffd77610000 - 0x00007ffd7761a000 	C:\windows\SYSTEM32\VERSION.dll
0x00007ffd82030000 - 0x00007ffd82061000 	C:\windows\System32\IMM32.DLL
0x00007ffd786a0000 - 0x00007ffd786ac000 	C:\Program Files\Java\jdk-21\bin\vcruntime140_1.dll
0x00007ffd424a0000 - 0x00007ffd4252e000 	C:\Program Files\Java\jdk-21\bin\msvcp140.dll
0x00007ffce0070000 - 0x00007ffce0d83000 	C:\Program Files\Java\jdk-21\bin\server\jvm.dll
0x00007ffd81d70000 - 0x00007ffd81de1000 	C:\windows\System32\WS2_32.dll
0x00007ffd7e000000 - 0x00007ffd7e04d000 	C:\windows\SYSTEM32\POWRPROF.dll
0x00007ffd7b970000 - 0x00007ffd7b9a4000 	C:\windows\SYSTEM32\WINMM.dll
0x00007ffd7dfe0000 - 0x00007ffd7dff3000 	C:\windows\SYSTEM32\UMPDC.dll
0x00007ffd7e290000 - 0x00007ffd7e2a8000 	C:\windows\SYSTEM32\kernel.appcore.dll
0x00007ffd687c0000 - 0x00007ffd687ca000 	C:\Program Files\Java\jdk-21\bin\jimage.dll
0x00007ffd7c2d0000 - 0x00007ffd7c503000 	C:\windows\SYSTEM32\DBGHELP.DLL
0x00007ffd817b0000 - 0x00007ffd81b42000 	C:\windows\System32\combase.dll
0x00007ffd80aa0000 - 0x00007ffd80b78000 	C:\windows\System32\OLEAUT32.dll
0x00007ffd5f280000 - 0x00007ffd5f2b2000 	C:\windows\SYSTEM32\dbgcore.DLL
0x00007ffd7f410000 - 0x00007ffd7f48b000 	C:\windows\System32\bcryptPrimitives.dll
0x00007ffd675a0000 - 0x00007ffd675bf000 	C:\Program Files\Java\jdk-21\bin\java.dll
0x00007ffd80d40000 - 0x00007ffd815de000 	C:\windows\System32\SHELL32.dll
0x00007ffd7fd50000 - 0x00007ffd7fe8f000 	C:\windows\System32\wintypes.dll
0x00007ffd7cee0000 - 0x00007ffd7d7f8000 	C:\windows\SYSTEM32\windows.storage.dll
0x00007ffd81e00000 - 0x00007ffd81f04000 	C:\windows\System32\SHCORE.dll
0x00007ffd80a10000 - 0x00007ffd80a79000 	C:\windows\System32\shlwapi.dll
0x00007ffd7f220000 - 0x00007ffd7f245000 	C:\windows\SYSTEM32\profapi.dll
0x00007ffd423c0000 - 0x00007ffd42497000 	C:\Program Files\Java\jdk-21\bin\jsvml.dll
0x00007ffd67890000 - 0x00007ffd678a0000 	C:\Program Files\Java\jdk-21\bin\net.dll
0x00007ffd7e2b0000 - 0x00007ffd7e3dc000 	C:\windows\SYSTEM32\WINHTTP.dll
0x00007ffd7e880000 - 0x00007ffd7e8e9000 	C:\windows\system32\mswsock.dll
0x00007ffd67550000 - 0x00007ffd67566000 	C:\Program Files\Java\jdk-21\bin\nio.dll
0x00007ffd67530000 - 0x00007ffd67548000 	C:\Program Files\Java\jdk-21\bin\zip.dll
0x00007ffd67770000 - 0x00007ffd67780000 	C:\Program Files\Java\jdk-21\bin\verify.dll
0x00007ffd67220000 - 0x00007ffd67229000 	C:\Program Files\Java\jdk-21\bin\attach.dll
0x00007ffd81df0000 - 0x00007ffd81df8000 	C:\windows\System32\PSAPI.DLL

dbghelp: loaded successfully - version: 4.0.5 - missing functions: none
symbol engine: initialized successfully - sym options: 0x614 - pdb path: .;C:\Program Files\Java\jdk-21\bin;C:\windows\SYSTEM32;C:\windows\WinSxS\amd64_microsoft.windows.common-controls_6595b64144ccf1df_6.0.22621.6060_none_2712eda17382d24b;C:\Program Files\Java\jdk-21\bin\server

VM Arguments:
jvm_args: -Dnet.bytebuddy.agent.attacher.dump= 
java_command: net.bytebuddy.agent.Attacher com.sun.tools.attach.VirtualMachine 34304 C:\Users\zf701439\.m2\repository\net\bytebuddy\byte-buddy-agent\1.14.19\byte-buddy-agent-1.14.19.jar false 
java_class_path (initial): C:\Users\zf701439\.m2\repository\net\bytebuddy\byte-buddy-agent\1.14.19\byte-buddy-agent-1.14.19.jar
Launcher Type: SUN_STANDARD

[Global flags]
     intx CICompilerCount                          = 4                                         {product} {ergonomic}
     uint ConcGCThreads                            = 3                                         {product} {ergonomic}
     uint G1ConcRefinementThreads                  = 10                                        {product} {ergonomic}
   size_t G1HeapRegionSize                         = 2097152                                   {product} {ergonomic}
    uintx GCDrainStackTargetSize                   = 64                                        {product} {ergonomic}
   size_t InitialHeapSize                          = 264241152                                 {product} {ergonomic}
   size_t MarkStackSize                            = 4194304                                   {product} {ergonomic}
   size_t MaxHeapSize                              = 4200595456                                {product} {ergonomic}
   size_t MaxNewSize                               = 2518679552                                {product} {ergonomic}
   size_t MinHeapDeltaBytes                        = 2097152                                   {product} {ergonomic}
   size_t MinHeapSize                              = 8388608                                   {product} {ergonomic}
    uintx NonNMethodCodeHeapSize                   = 5839372                                {pd product} {ergonomic}
    uintx NonProfiledCodeHeapSize                  = 122909434                              {pd product} {ergonomic}
    uintx ProfiledCodeHeapSize                     = 122909434                              {pd product} {ergonomic}
    uintx ReservedCodeCacheSize                    = 251658240                              {pd product} {ergonomic}
     bool SegmentedCodeCache                       = true                                      {product} {ergonomic}
   size_t SoftMaxHeapSize                          = 4200595456                             {manageable} {ergonomic}
     bool UseCompressedOops                        = true                           {product lp64_product} {ergonomic}
     bool UseG1GC                                  = true                                      {product} {ergonomic}
     bool UseLargePagesIndividualAllocation        = false                                  {pd product} {ergonomic}

Logging:
Log output configuration:
 #0: stdout all=warning uptime,level,tags foldmultilines=false
 #1: stderr all=off uptime,level,tags foldmultilines=false

Environment Variables:
JAVA_HOME=C:\Program Files\Java\jdk-21
PATH=C:\Python314\Scripts\;C:\Python314\;C:\Program Files\Common Files\Oracle\Java\javapath;C:\Program Files (x86)\Common Files\Oracle\Java\java8path;C:\Program Files (x86)\Common Files\Oracle\Java\javapath;C:\Program Files\Microsoft MPI\Bin\;C:\windows\system32;C:\windows;C:\windows\System32\Wbem;C:\windows\System32\WindowsPowerShell\v1.0\;C:\windows\System32\OpenSSH\;C:\Program Files\WindowsPowerShell\Scripts;C:\ProgramData\chocolatey\bin;C:\Program Files\dotnet\;C:\minikube;C:\Program Files\Kubernetes\kubectl;C:\Program Files\Docker\Docker\resources\bin;C:\Program Files\nodejs\;C:\Program Files\Git\cmd;C:\Program Files\MySQL\MySQL Shell 8.0\bin\;C:\Users\zf701439\AppData\Local\Programs\Python\Python312\Scripts\;C:\Users\zf701439\AppData\Local\Programs\Python\Python312\;C:\Users\zf701439\AppData\Local\Microsoft\WindowsApps;;C:\Program Files\JetBrains\IntelliJ IDEA Community Edition 2025.2.4\bin;C:\Users\zf701439\AppData\Local\Programs\Microsoft VS Code\bin;C:\Users\zf701439\AppData\Roaming\npm
USERNAME=zf701439
OS=Windows_NT
PROCESSOR_IDENTIFIER=Intel64 Family 6 Model 154 Stepping 4, GenuineIntel
TMP=C:\Users\zf701439\AppData\Local\Temp
TEMP=C:\Users\zf701439\AppData\Local\Temp




Periodic native trim disabled

---------------  S Y S T E M  ---------------

OS:
 Windows 11 , 64 bit Build 22621 (10.0.22621.5415)
OS uptime: 36 days 1:21 hours
Hyper-V role detected

CPU: total 12 (initial active 12) (6 cores per cpu, 2 threads per core) family 6 model 154 stepping 4 microcode 0x437, cx8, cmov, fxsr, ht, mmx, 3dnowpref, sse, sse2, sse3, ssse3, sse4.1, sse4.2, popcnt, lzcnt, tsc, tscinvbit, avx, avx2, aes, erms, clmul, bmi1, bmi2, adx, sha, fma, vzeroupper, clflush, clflushopt, clwb, hv, serialize, rdtscp, rdpid, fsrm, f16c, cet_ibt, cet_ss
Processor Information for processor 0
  Max Mhz: 1600, Current Mhz: 1520, Mhz Limit: 1600
Processor Information for processor 1
  Max Mhz: 1600, Current Mhz: 1600, Mhz Limit: 1600
Processor Information for processor 2
  Max Mhz: 1600, Current Mhz: 1600, Mhz Limit: 1600
Processor Information for processor 3
  Max Mhz: 1600, Current Mhz: 1600, Mhz Limit: 1600
Processor Information for processor 4
  Max Mhz: 1600, Current Mhz: 1466, Mhz Limit: 1600
Processor Information for processor 5
  Max Mhz: 1600, Current Mhz: 1466, Mhz Limit: 1600
Processor Information for processor 6
  Max Mhz: 1600, Current Mhz: 1466, Mhz Limit: 1600
Processor Information for processor 7
  Max Mhz: 1600, Current Mhz: 1600, Mhz Limit: 1600
Processor Information for processor 8
  Max Mhz: 1600, Current Mhz: 1466, Mhz Limit: 1600
Processor Information for processor 9
  Max Mhz: 1600, Current Mhz: 1466, Mhz Limit: 1600
Processor Information for processor 10
  Max Mhz: 1600, Current Mhz: 1466, Mhz Limit: 1600
Processor Information for processor 11
  Max Mhz: 1600, Current Mhz: 1466, Mhz Limit: 1600

Memory: 4k page, system-wide physical 16016M (1015M free)
TotalPageFile size 46378M (AvailPageFile size 1M)
current process WorkingSet (physical memory assigned to process): 36M, peak: 36M
current process commit charge ("private bytes"): 337M, peak: 337M

vm_info: Java HotSpot(TM) 64-Bit Server VM (21.0.4+8-LTS-274) for windows-amd64 JRE (21.0.4+8-LTS-274), built on 2024-06-05T05:23:33Z by "mach5one" with MS VC++ 17.6 (VS2022)

END.
